[2011-05-14 01:26:55] request.ERROR: No route found for "GET /reports/" 
[2011-05-14 01:26:55] request.ERROR: Symfony\Component\HttpKernel\Exception\NotFoundHttpException: No route found for "GET /reports/" (uncaught exception) 
[2011-05-14 01:26:55] request.INFO: Using controller "Symfony\Bundle\FrameworkBundle\Controller\ExceptionController::showAction" 
[2011-05-14 01:29:54] request.ERROR: No route found for "GET /reports/" 
[2011-05-14 01:29:54] request.ERROR: Symfony\Component\HttpKernel\Exception\NotFoundHttpException: No route found for "GET /reports/" (uncaught exception) 
[2011-05-14 01:29:54] request.INFO: Using controller "Symfony\Bundle\FrameworkBundle\Controller\ExceptionController::showAction" 
[2011-05-14 01:29:58] request.ERROR: No route found for "GET /meals" 
[2011-05-14 01:29:58] request.ERROR: Symfony\Component\HttpKernel\Exception\NotFoundHttpException: No route found for "GET /meals" (uncaught exception) 
[2011-05-14 01:29:58] request.INFO: Using controller "Symfony\Bundle\FrameworkBundle\Controller\ExceptionController::showAction" 
[2011-05-14 01:30:41] request.ERROR: No route found for "GET /meals/" 
[2011-05-14 01:30:41] request.ERROR: Symfony\Component\HttpKernel\Exception\NotFoundHttpException: No route found for "GET /meals/" (uncaught exception) 
[2011-05-14 01:30:41] request.INFO: Using controller "Symfony\Bundle\FrameworkBundle\Controller\ExceptionController::showAction" 
[2011-05-14 01:30:42] request.ERROR: No route found for "GET /meals" 
[2011-05-14 01:30:42] request.ERROR: Symfony\Component\HttpKernel\Exception\NotFoundHttpException: No route found for "GET /meals" (uncaught exception) 
[2011-05-14 01:30:42] request.INFO: Using controller "Symfony\Bundle\FrameworkBundle\Controller\ExceptionController::showAction" 
[2011-05-14 01:31:34] request.ERROR: No route found for "GET /meals" 
[2011-05-14 01:31:34] request.ERROR: Symfony\Component\HttpKernel\Exception\NotFoundHttpException: No route found for "GET /meals" (uncaught exception) 
[2011-05-14 01:31:34] request.INFO: Using controller "Symfony\Bundle\FrameworkBundle\Controller\ExceptionController::showAction" 
[2011-05-14 01:31:56] request.ERROR: No route found for "GET /meal/" 
[2011-05-14 01:31:56] request.ERROR: Symfony\Component\HttpKernel\Exception\NotFoundHttpException: No route found for "GET /meal/" (uncaught exception) 
[2011-05-14 01:31:56] request.INFO: Using controller "Symfony\Bundle\FrameworkBundle\Controller\ExceptionController::showAction" 
[2011-05-14 01:41:50] request.ERROR: No route found for "GET /reports/" 
[2011-05-14 01:41:50] request.ERROR: Symfony\Component\HttpKernel\Exception\NotFoundHttpException: No route found for "GET /reports/" (uncaught exception) 
[2011-05-14 01:41:50] request.INFO: Using controller "Symfony\Bundle\FrameworkBundle\Controller\ExceptionController::showAction" 
[2011-05-15 22:26:22] request.ERROR: No route found for "GET /chart/" 
[2011-05-15 22:26:22] request.ERROR: Symfony\Component\HttpKernel\Exception\NotFoundHttpException: No route found for "GET /chart/" (uncaught exception) 
[2011-05-15 22:26:22] request.INFO: Using controller "Symfony\Bundle\FrameworkBundle\Controller\ExceptionController::showAction" 
[2011-05-16 00:08:45] request.INFO: Matched route "_meal_new" (parameters: "_controller": "Hector\FoodServiceBundle\Controller\MealController::newAction", "_route": "_meal_new") 
[2011-05-16 00:08:45] request.INFO: Using controller "Hector\FoodServiceBundle\Controller\MealController::newAction" 
[2011-05-16 00:08:46] request.ERROR: PDOException: SQLSTATE[23000]: Integrity constraint violation: 1048 Column 'name' cannot be null (uncaught exception) 
[2011-05-16 00:08:46] request.INFO: Using controller "Symfony\Bundle\FrameworkBundle\Controller\ExceptionController::showAction" 
[2011-05-16 00:09:11] request.INFO: Matched route "_meal_new" (parameters: "_controller": "Hector\FoodServiceBundle\Controller\MealController::newAction", "_route": "_meal_new") 
[2011-05-16 00:09:11] request.INFO: Using controller "Hector\FoodServiceBundle\Controller\MealController::newAction" 
[2011-05-16 00:09:11] request.ERROR: PDOException: SQLSTATE[23000]: Integrity constraint violation: 1048 Column 'name' cannot be null (uncaught exception) 
[2011-05-16 00:09:11] request.INFO: Using controller "Symfony\Bundle\FrameworkBundle\Controller\ExceptionController::showAction" 
